Flow report for HillCipher
Sat Jan 16 14:50:09 2016
Quartus II 64-Bit Version 13.0.1 Build 232 06/12/2013 Service Pack 1 SJ Full Version


---------------------
; Table of Contents ;
---------------------
  1. Legal Notice
  2. Flow Summary
  3. Flow Settings
  4. Flow Non-Default Global Settings
  5. Flow Elapsed Time
  6. Flow OS Summary
  7. Flow Log
  8. Flow Messages
  9. Flow Suppressed Messages



----------------
; Legal Notice ;
----------------
Copyright (C) 1991-2013 Altera Corporation
Your use of Altera Corporation's design tools, logic functions 
and other software and tools, and its AMPP partner logic 
functions, and any output files from any of the foregoing 
(including device programming or simulation files), and any 
associated documentation or information are expressly subject 
to the terms and conditions of the Altera Program License 
Subscription Agreement, Altera MegaCore Function License 
Agreement, or other applicable license agreement, including, 
without limitation, that your use is for the sole purpose of 
programming logic devices manufactured by Altera and sold by 
Altera or its authorized distributors.  Please refer to the 
applicable agreement for further details.



+---------------------------------------------------------------------------------------+
; Flow Summary                                                                          ;
+------------------------------------+--------------------------------------------------+
; Flow Status                        ; Successful - Sat Jan 16 14:50:09 2016            ;
; Quartus II 64-Bit Version          ; 13.0.1 Build 232 06/12/2013 SP 1 SJ Full Version ;
; Revision Name                      ; HillCipher                                       ;
; Top-level Entity Name              ; hill_cipher                                      ;
; Family                             ; Cyclone II                                       ;
; Total logic elements               ; 633 / 4,608 ( 14 % )                             ;
;     Total combinational functions  ; 627 / 4,608 ( 14 % )                             ;
;     Dedicated logic registers      ; 247 / 4,608 ( 5 % )                              ;
; Total registers                    ; 247                                              ;
; Total pins                         ; 27 / 89 ( 30 % )                                 ;
; Total virtual pins                 ; 0                                                ;
; Total memory bits                  ; 64 / 119,808 ( < 1 % )                           ;
; Embedded Multiplier 9-bit elements ; 0 / 26 ( 0 % )                                   ;
; Total PLLs                         ; 0 / 2 ( 0 % )                                    ;
; Device                             ; EP2C5T144C6                                      ;
; Timing Models                      ; Final                                            ;
+------------------------------------+--------------------------------------------------+


+-----------------------------------------+
; Flow Settings                           ;
+-------------------+---------------------+
; Option            ; Setting             ;
+-------------------+---------------------+
; Start date & time ; 01/16/2016 14:49:51 ;
; Main task         ; Compilation         ;
; Revision Name     ; HillCipher          ;
+-------------------+---------------------+


+----------------------------------------------------------------------------------------------------------------------+
; Flow Non-Default Global Settings                                                                                     ;
+-------------------------------------+---------------------------------+---------------+-------------+----------------+
; Assignment Name                     ; Value                           ; Default Value ; Entity Name ; Section Id     ;
+-------------------------------------+---------------------------------+---------------+-------------+----------------+
; COMPILER_SIGNATURE_ID               ; 203178703647748.145297379109220 ; --            ; --          ; --             ;
; EDA_GENERATE_FUNCTIONAL_NETLIST     ; Off                             ; --            ; --          ; eda_simulation ;
; EDA_OUTPUT_DATA_FORMAT              ; Verilog Hdl                     ; --            ; --          ; eda_simulation ;
; EDA_SIMULATION_TOOL                 ; ModelSim-Altera (Verilog)       ; <None>        ; --          ; --             ;
; EDA_TIME_SCALE                      ; 1 ps                            ; --            ; --          ; eda_simulation ;
; PARTITION_COLOR                     ; 16764057                        ; --            ; hill_cipher ; Top            ;
; PARTITION_FITTER_PRESERVATION_LEVEL ; PLACEMENT_AND_ROUTING           ; --            ; hill_cipher ; Top            ;
; PARTITION_NETLIST_TYPE              ; SOURCE                          ; --            ; hill_cipher ; Top            ;
; PROJECT_OUTPUT_DIRECTORY            ; output_files                    ; --            ; --          ; --             ;
; TOP_LEVEL_ENTITY                    ; hill_cipher                     ; HillCipher    ; --          ; --             ;
+-------------------------------------+---------------------------------+---------------+-------------+----------------+


+-------------------------------------------------------------------------------------------------------------------------------+
; Flow Elapsed Time                                                                                                             ;
+---------------------------+--------------+-------------------------+---------------------+------------------------------------+
; Module Name               ; Elapsed Time ; Average Processors Used ; Peak Virtual Memory ; Total CPU Time (on all processors) ;
+---------------------------+--------------+-------------------------+---------------------+------------------------------------+
; Analysis & Synthesis      ; 00:00:04     ; 1.0                     ; 517 MB              ; 00:00:02                           ;
; Fitter                    ; 00:00:06     ; 1.0                     ; 1026 MB             ; 00:00:04                           ;
; Assembler                 ; 00:00:02     ; 1.0                     ; 425 MB              ; 00:00:01                           ;
; TimeQuest Timing Analyzer ; 00:00:02     ; 1.0                     ; 436 MB              ; 00:00:01                           ;
; EDA Netlist Writer        ; 00:00:02     ; 1.0                     ; 390 MB              ; 00:00:01                           ;
; Total                     ; 00:00:16     ; --                      ; --                  ; 00:00:09                           ;
+---------------------------+--------------+-------------------------+---------------------+------------------------------------+


+----------------------------------------------------------------------------------------+
; Flow OS Summary                                                                        ;
+---------------------------+------------------+-----------+------------+----------------+
; Module Name               ; Machine Hostname ; OS Name   ; OS Version ; Processor type ;
+---------------------------+------------------+-----------+------------+----------------+
; Analysis & Synthesis      ; 156TR4120CA-11   ; Windows 7 ; 6.1        ; x86_64         ;
; Fitter                    ; 156TR4120CA-11   ; Windows 7 ; 6.1        ; x86_64         ;
; Assembler                 ; 156TR4120CA-11   ; Windows 7 ; 6.1        ; x86_64         ;
; TimeQuest Timing Analyzer ; 156TR4120CA-11   ; Windows 7 ; 6.1        ; x86_64         ;
; EDA Netlist Writer        ; 156TR4120CA-11   ; Windows 7 ; 6.1        ; x86_64         ;
+---------------------------+------------------+-----------+------------+----------------+


------------
; Flow Log ;
------------
quartus_map --read_settings_files=on --write_settings_files=off HillCipher -c HillCipher
quartus_fit --read_settings_files=off --write_settings_files=off HillCipher -c HillCipher
quartus_asm --read_settings_files=off --write_settings_files=off HillCipher -c HillCipher
quartus_sta HillCipher -c HillCipher
quartus_eda --read_settings_files=off --write_settings_files=off HillCipher -c HillCipher



