Analysis & Synthesis report for HillCipher
Tue Jan 12 12:29:10 2016
Quartus II 64-Bit Version 13.0.1 Build 232 06/12/2013 Service Pack 1 SJ Full Version


---------------------
; Table of Contents ;
---------------------
  1. Legal Notice
  2. Analysis & Synthesis Summary
  3. Analysis & Synthesis Settings
  4. Parallel Compilation
  5. Analysis & Synthesis Source Files Read
  6. Analysis & Synthesis Resource Usage Summary
  7. Analysis & Synthesis Resource Utilization by Entity
  8. General Register Statistics
  9. Parameter Settings for User Entity Instance: LPM_FF:k13_lpm_ff
 10. Parameter Settings for User Entity Instance: LPM_FF:k23_lpm_ff
 11. Parameter Settings for User Entity Instance: LPM_FF:k33_lpm_ff
 12. Parameter Settings for User Entity Instance: LPM_FF:k12_lpm_ff
 13. Parameter Settings for User Entity Instance: LPM_FF:k22_lpm_ff
 14. Parameter Settings for User Entity Instance: LPM_FF:k32_lpm_ff
 15. Parameter Settings for User Entity Instance: LPM_FF:k11_lpm_ff
 16. Parameter Settings for User Entity Instance: LPM_FF:k21_lpm_ff
 17. Parameter Settings for User Entity Instance: LPM_FF:k31_lpm_ff
 18. Elapsed Time Per Partition
 19. Analysis & Synthesis Messages



----------------
; Legal Notice ;
----------------
Copyright (C) 1991-2013 Altera Corporation
Your use of Altera Corporation's design tools, logic functions 
and other software and tools, and its AMPP partner logic 
functions, and any output files from any of the foregoing 
(including device programming or simulation files), and any 
associated documentation or information are expressly subject 
to the terms and conditions of the Altera Program License 
Subscription Agreement, Altera MegaCore Function License 
Agreement, or other applicable license agreement, including, 
without limitation, that your use is for the sole purpose of 
programming logic devices manufactured by Altera and sold by 
Altera or its authorized distributors.  Please refer to the 
applicable agreement for further details.



+---------------------------------------------------------------------------------------+
; Analysis & Synthesis Summary                                                          ;
+------------------------------------+--------------------------------------------------+
; Analysis & Synthesis Status        ; Successful - Tue Jan 12 12:29:10 2016            ;
; Quartus II 64-Bit Version          ; 13.0.1 Build 232 06/12/2013 SP 1 SJ Full Version ;
; Revision Name                      ; HillCipher                                       ;
; Top-level Entity Name              ; key_loader_struct                                ;
; Family                             ; Cyclone II                                       ;
; Total logic elements               ; 36                                               ;
;     Total combinational functions  ; 0                                                ;
;     Dedicated logic registers      ; 36                                               ;
; Total registers                    ; 36                                               ;
; Total pins                         ; 50                                               ;
; Total virtual pins                 ; 0                                                ;
; Total memory bits                  ; 0                                                ;
; Embedded Multiplier 9-bit elements ; 0                                                ;
; Total PLLs                         ; 0                                                ;
+------------------------------------+--------------------------------------------------+


+----------------------------------------------------------------------------------------------------------------------+
; Analysis & Synthesis Settings                                                                                        ;
+----------------------------------------------------------------------------+--------------------+--------------------+
; Option                                                                     ; Setting            ; Default Value      ;
+----------------------------------------------------------------------------+--------------------+--------------------+
; Top-level entity name                                                      ; key_loader_struct  ; HillCipher         ;
; Family name                                                                ; Cyclone II         ; Cyclone IV GX      ;
; Use smart compilation                                                      ; Off                ; Off                ;
; Enable parallel Assembler and TimeQuest Timing Analyzer during compilation ; On                 ; On                 ;
; Enable compact report table                                                ; Off                ; Off                ;
; Restructure Multiplexers                                                   ; Auto               ; Auto               ;
; Create Debugging Nodes for IP Cores                                        ; Off                ; Off                ;
; Preserve fewer node names                                                  ; On                 ; On                 ;
; Disable OpenCore Plus hardware evaluation                                  ; Off                ; Off                ;
; Verilog Version                                                            ; Verilog_2001       ; Verilog_2001       ;
; VHDL Version                                                               ; VHDL_1993          ; VHDL_1993          ;
; State Machine Processing                                                   ; Auto               ; Auto               ;
; Safe State Machine                                                         ; Off                ; Off                ;
; Extract Verilog State Machines                                             ; On                 ; On                 ;
; Extract VHDL State Machines                                                ; On                 ; On                 ;
; Ignore Verilog initial constructs                                          ; Off                ; Off                ;
; Iteration limit for constant Verilog loops                                 ; 5000               ; 5000               ;
; Iteration limit for non-constant Verilog loops                             ; 250                ; 250                ;
; Add Pass-Through Logic to Inferred RAMs                                    ; On                 ; On                 ;
; Infer RAMs from Raw Logic                                                  ; On                 ; On                 ;
; Parallel Synthesis                                                         ; On                 ; On                 ;
; DSP Block Balancing                                                        ; Auto               ; Auto               ;
; NOT Gate Push-Back                                                         ; On                 ; On                 ;
; Power-Up Don't Care                                                        ; On                 ; On                 ;
; Remove Redundant Logic Cells                                               ; Off                ; Off                ;
; Remove Duplicate Registers                                                 ; On                 ; On                 ;
; Ignore CARRY Buffers                                                       ; Off                ; Off                ;
; Ignore CASCADE Buffers                                                     ; Off                ; Off                ;
; Ignore GLOBAL Buffers                                                      ; Off                ; Off                ;
; Ignore ROW GLOBAL Buffers                                                  ; Off                ; Off                ;
; Ignore LCELL Buffers                                                       ; Off                ; Off                ;
; Ignore SOFT Buffers                                                        ; On                 ; On                 ;
; Limit AHDL Integers to 32 Bits                                             ; Off                ; Off                ;
; Optimization Technique                                                     ; Balanced           ; Balanced           ;
; Carry Chain Length                                                         ; 70                 ; 70                 ;
; Auto Carry Chains                                                          ; On                 ; On                 ;
; Auto Open-Drain Pins                                                       ; On                 ; On                 ;
; Perform WYSIWYG Primitive Resynthesis                                      ; Off                ; Off                ;
; Auto ROM Replacement                                                       ; On                 ; On                 ;
; Auto RAM Replacement                                                       ; On                 ; On                 ;
; Auto Shift Register Replacement                                            ; Auto               ; Auto               ;
; Allow Shift Register Merging across Hierarchies                            ; Auto               ; Auto               ;
; Auto Clock Enable Replacement                                              ; On                 ; On                 ;
; Strict RAM Replacement                                                     ; Off                ; Off                ;
; Allow Synchronous Control Signals                                          ; On                 ; On                 ;
; Force Use of Synchronous Clear Signals                                     ; Off                ; Off                ;
; Auto RAM to Logic Cell Conversion                                          ; Off                ; Off                ;
; Auto Resource Sharing                                                      ; Off                ; Off                ;
; Allow Any RAM Size For Recognition                                         ; Off                ; Off                ;
; Allow Any ROM Size For Recognition                                         ; Off                ; Off                ;
; Allow Any Shift Register Size For Recognition                              ; Off                ; Off                ;
; Use LogicLock Constraints during Resource Balancing                        ; On                 ; On                 ;
; Ignore translate_off and synthesis_off directives                          ; Off                ; Off                ;
; Timing-Driven Synthesis                                                    ; Off                ; Off                ;
; Report Parameter Settings                                                  ; On                 ; On                 ;
; Report Source Assignments                                                  ; On                 ; On                 ;
; Report Connectivity Checks                                                 ; On                 ; On                 ;
; Ignore Maximum Fan-Out Assignments                                         ; Off                ; Off                ;
; Synchronization Register Chain Length                                      ; 2                  ; 2                  ;
; PowerPlay Power Optimization                                               ; Normal compilation ; Normal compilation ;
; HDL message level                                                          ; Level2             ; Level2             ;
; Suppress Register Optimization Related Messages                            ; Off                ; Off                ;
; Number of Removed Registers Reported in Synthesis Report                   ; 5000               ; 5000               ;
; Number of Swept Nodes Reported in Synthesis Report                         ; 5000               ; 5000               ;
; Number of Inverted Registers Reported in Synthesis Report                  ; 100                ; 100                ;
; Clock MUX Protection                                                       ; On                 ; On                 ;
; Auto Gated Clock Conversion                                                ; Off                ; Off                ;
; Block Design Naming                                                        ; Auto               ; Auto               ;
; SDC constraint protection                                                  ; Off                ; Off                ;
; Synthesis Effort                                                           ; Auto               ; Auto               ;
; Shift Register Replacement - Allow Asynchronous Clear Signal               ; On                 ; On                 ;
; Pre-Mapping Resynthesis Optimization                                       ; Off                ; Off                ;
; Analysis & Synthesis Message Level                                         ; Medium             ; Medium             ;
; Disable Register Merging Across Hierarchies                                ; Auto               ; Auto               ;
; Resource Aware Inference For Block RAM                                     ; On                 ; On                 ;
; Synthesis Seed                                                             ; 1                  ; 1                  ;
+----------------------------------------------------------------------------+--------------------+--------------------+


+------------------------------------------+
; Parallel Compilation                     ;
+----------------------------+-------------+
; Processors                 ; Number      ;
+----------------------------+-------------+
; Number detected on machine ; 8           ;
; Maximum allowed            ; 4           ;
;                            ;             ;
; Average used               ; 1.00        ;
; Maximum used               ; 1           ;
;                            ;             ;
; Usage by Processor         ; % Time Used ;
;     Processor 1            ; 100.0%      ;
;     Processors 2-8         ;   0.0%      ;
+----------------------------+-------------+


+-----------------------------------------------------------------------------------------------------------------------------------------------------+
; Analysis & Synthesis Source Files Read                                                                                                              ;
+----------------------------------+-----------------+-----------------+--------------------------------------------------------------------+---------+
; File Name with User-Entered Path ; Used in Netlist ; File Type       ; File Name with Absolute Path                                       ; Library ;
+----------------------------------+-----------------+-----------------+--------------------------------------------------------------------+---------+
; key_loader_struct.vhd            ; yes             ; User VHDL File  ; C:/Users/scarte9/ECSE487-Ass/key_loader_struct.vhd                 ;         ;
; lpm_ff.tdf                       ; yes             ; Megafunction    ; c:/altera/13.0sp1/quartus/libraries/megafunctions/lpm_ff.tdf       ;         ;
; lpm_constant.inc                 ; yes             ; Megafunction    ; c:/altera/13.0sp1/quartus/libraries/megafunctions/lpm_constant.inc ;         ;
; aglobal130.inc                   ; yes             ; Megafunction    ; c:/altera/13.0sp1/quartus/libraries/megafunctions/aglobal130.inc   ;         ;
+----------------------------------+-----------------+-----------------+--------------------------------------------------------------------+---------+


+-----------------------------------------------------+
; Analysis & Synthesis Resource Usage Summary         ;
+---------------------------------------------+-------+
; Resource                                    ; Usage ;
+---------------------------------------------+-------+
; Estimated Total logic elements              ; 36    ;
;                                             ;       ;
; Total combinational functions               ; 0     ;
; Logic element usage by number of LUT inputs ;       ;
;     -- 4 input functions                    ; 0     ;
;     -- 3 input functions                    ; 0     ;
;     -- <=2 input functions                  ; 0     ;
;                                             ;       ;
; Logic elements by mode                      ;       ;
;     -- normal mode                          ; 0     ;
;     -- arithmetic mode                      ; 0     ;
;                                             ;       ;
; Total registers                             ; 36    ;
;     -- Dedicated logic registers            ; 36    ;
;     -- I/O registers                        ; 0     ;
;                                             ;       ;
; I/O pins                                    ; 50    ;
; Embedded Multiplier 9-bit elements          ; 0     ;
; Maximum fan-out node                        ; clk   ;
; Maximum fan-out                             ; 36    ;
; Total fan-out                               ; 144   ;
; Average fan-out                             ; 1.67  ;
+---------------------------------------------+-------+


+----------------------------------------------------------------------------------------------------------------------------------------------------------------------------------------------+
; Analysis & Synthesis Resource Utilization by Entity                                                                                                                                          ;
+----------------------------+-------------------+--------------+-------------+--------------+---------+-----------+------+--------------+--------------------------------------+--------------+
; Compilation Hierarchy Node ; LC Combinationals ; LC Registers ; Memory Bits ; DSP Elements ; DSP 9x9 ; DSP 18x18 ; Pins ; Virtual Pins ; Full Hierarchy Name                  ; Library Name ;
+----------------------------+-------------------+--------------+-------------+--------------+---------+-----------+------+--------------+--------------------------------------+--------------+
; |key_loader_struct         ; 0 (0)             ; 36 (0)       ; 0           ; 0            ; 0       ; 0         ; 50   ; 0            ; |key_loader_struct                   ; work         ;
;    |lpm_ff:k11_lpm_ff|     ; 0 (0)             ; 4 (4)        ; 0           ; 0            ; 0       ; 0         ; 0    ; 0            ; |key_loader_struct|lpm_ff:k11_lpm_ff ; work         ;
;    |lpm_ff:k12_lpm_ff|     ; 0 (0)             ; 4 (4)        ; 0           ; 0            ; 0       ; 0         ; 0    ; 0            ; |key_loader_struct|lpm_ff:k12_lpm_ff ; work         ;
;    |lpm_ff:k13_lpm_ff|     ; 0 (0)             ; 4 (4)        ; 0           ; 0            ; 0       ; 0         ; 0    ; 0            ; |key_loader_struct|lpm_ff:k13_lpm_ff ; work         ;
;    |lpm_ff:k21_lpm_ff|     ; 0 (0)             ; 4 (4)        ; 0           ; 0            ; 0       ; 0         ; 0    ; 0            ; |key_loader_struct|lpm_ff:k21_lpm_ff ; work         ;
;    |lpm_ff:k22_lpm_ff|     ; 0 (0)             ; 4 (4)        ; 0           ; 0            ; 0       ; 0         ; 0    ; 0            ; |key_loader_struct|lpm_ff:k22_lpm_ff ; work         ;
;    |lpm_ff:k23_lpm_ff|     ; 0 (0)             ; 4 (4)        ; 0           ; 0            ; 0       ; 0         ; 0    ; 0            ; |key_loader_struct|lpm_ff:k23_lpm_ff ; work         ;
;    |lpm_ff:k31_lpm_ff|     ; 0 (0)             ; 4 (4)        ; 0           ; 0            ; 0       ; 0         ; 0    ; 0            ; |key_loader_struct|lpm_ff:k31_lpm_ff ; work         ;
;    |lpm_ff:k32_lpm_ff|     ; 0 (0)             ; 4 (4)        ; 0           ; 0            ; 0       ; 0         ; 0    ; 0            ; |key_loader_struct|lpm_ff:k32_lpm_ff ; work         ;
;    |lpm_ff:k33_lpm_ff|     ; 0 (0)             ; 4 (4)        ; 0           ; 0            ; 0       ; 0         ; 0    ; 0            ; |key_loader_struct|lpm_ff:k33_lpm_ff ; work         ;
+----------------------------+-------------------+--------------+-------------+--------------+---------+-----------+------+--------------+--------------------------------------+--------------+
Note: For table entries with two numbers listed, the numbers in parentheses indicate the number of resources of the given type used by the specific entity alone. The numbers listed outside of parentheses indicate the total resources of the given type used by the specific entity and all of its sub-entities in the hierarchy.


+------------------------------------------------------+
; General Register Statistics                          ;
+----------------------------------------------+-------+
; Statistic                                    ; Value ;
+----------------------------------------------+-------+
; Total registers                              ; 36    ;
; Number of registers using Synchronous Clear  ; 0     ;
; Number of registers using Synchronous Load   ; 0     ;
; Number of registers using Asynchronous Clear ; 0     ;
; Number of registers using Asynchronous Load  ; 0     ;
; Number of registers using Clock Enable       ; 36    ;
; Number of registers using Preset             ; 0     ;
+----------------------------------------------+-------+


+----------------------------------------------------------------+
; Parameter Settings for User Entity Instance: LPM_FF:k13_lpm_ff ;
+------------------------+------------+--------------------------+
; Parameter Name         ; Value      ; Type                     ;
+------------------------+------------+--------------------------+
; LPM_WIDTH              ; 4          ; Signed Integer           ;
; LPM_AVALUE             ; UNUSED     ; Untyped                  ;
; LPM_SVALUE             ; UNUSED     ; Untyped                  ;
; LPM_FFTYPE             ; DFF        ; Untyped                  ;
; DEVICE_FAMILY          ; Cyclone II ; Untyped                  ;
; CBXI_PARAMETER         ; NOTHING    ; Untyped                  ;
; AUTO_CARRY_CHAINS      ; ON         ; AUTO_CARRY               ;
; IGNORE_CARRY_BUFFERS   ; OFF        ; IGNORE_CARRY             ;
; AUTO_CASCADE_CHAINS    ; ON         ; AUTO_CASCADE             ;
; IGNORE_CASCADE_BUFFERS ; OFF        ; IGNORE_CASCADE           ;
+------------------------+------------+--------------------------+
Note: In order to hide this table in the UI and the text report file, please set the "Show Parameter Settings in Synthesis Report" option in "Analysis and Synthesis Settings -> More Settings" to "Off".


+----------------------------------------------------------------+
; Parameter Settings for User Entity Instance: LPM_FF:k23_lpm_ff ;
+------------------------+------------+--------------------------+
; Parameter Name         ; Value      ; Type                     ;
+------------------------+------------+--------------------------+
; LPM_WIDTH              ; 4          ; Signed Integer           ;
; LPM_AVALUE             ; UNUSED     ; Untyped                  ;
; LPM_SVALUE             ; UNUSED     ; Untyped                  ;
; LPM_FFTYPE             ; DFF        ; Untyped                  ;
; DEVICE_FAMILY          ; Cyclone II ; Untyped                  ;
; CBXI_PARAMETER         ; NOTHING    ; Untyped                  ;
; AUTO_CARRY_CHAINS      ; ON         ; AUTO_CARRY               ;
; IGNORE_CARRY_BUFFERS   ; OFF        ; IGNORE_CARRY             ;
; AUTO_CASCADE_CHAINS    ; ON         ; AUTO_CASCADE             ;
; IGNORE_CASCADE_BUFFERS ; OFF        ; IGNORE_CASCADE           ;
+------------------------+------------+--------------------------+
Note: In order to hide this table in the UI and the text report file, please set the "Show Parameter Settings in Synthesis Report" option in "Analysis and Synthesis Settings -> More Settings" to "Off".


+----------------------------------------------------------------+
; Parameter Settings for User Entity Instance: LPM_FF:k33_lpm_ff ;
+------------------------+------------+--------------------------+
; Parameter Name         ; Value      ; Type                     ;
+------------------------+------------+--------------------------+
; LPM_WIDTH              ; 4          ; Signed Integer           ;
; LPM_AVALUE             ; UNUSED     ; Untyped                  ;
; LPM_SVALUE             ; UNUSED     ; Untyped                  ;
; LPM_FFTYPE             ; DFF        ; Untyped                  ;
; DEVICE_FAMILY          ; Cyclone II ; Untyped                  ;
; CBXI_PARAMETER         ; NOTHING    ; Untyped                  ;
; AUTO_CARRY_CHAINS      ; ON         ; AUTO_CARRY               ;
; IGNORE_CARRY_BUFFERS   ; OFF        ; IGNORE_CARRY             ;
; AUTO_CASCADE_CHAINS    ; ON         ; AUTO_CASCADE             ;
; IGNORE_CASCADE_BUFFERS ; OFF        ; IGNORE_CASCADE           ;
+------------------------+------------+--------------------------+
Note: In order to hide this table in the UI and the text report file, please set the "Show Parameter Settings in Synthesis Report" option in "Analysis and Synthesis Settings -> More Settings" to "Off".


+----------------------------------------------------------------+
; Parameter Settings for User Entity Instance: LPM_FF:k12_lpm_ff ;
+------------------------+------------+--------------------------+
; Parameter Name         ; Value      ; Type                     ;
+------------------------+------------+--------------------------+
; LPM_WIDTH              ; 4          ; Signed Integer           ;
; LPM_AVALUE             ; UNUSED     ; Untyped                  ;
; LPM_SVALUE             ; UNUSED     ; Untyped                  ;
; LPM_FFTYPE             ; DFF        ; Untyped                  ;
; DEVICE_FAMILY          ; Cyclone II ; Untyped                  ;
; CBXI_PARAMETER         ; NOTHING    ; Untyped                  ;
; AUTO_CARRY_CHAINS      ; ON         ; AUTO_CARRY               ;
; IGNORE_CARRY_BUFFERS   ; OFF        ; IGNORE_CARRY             ;
; AUTO_CASCADE_CHAINS    ; ON         ; AUTO_CASCADE             ;
; IGNORE_CASCADE_BUFFERS ; OFF        ; IGNORE_CASCADE           ;
+------------------------+------------+--------------------------+
Note: In order to hide this table in the UI and the text report file, please set the "Show Parameter Settings in Synthesis Report" option in "Analysis and Synthesis Settings -> More Settings" to "Off".


+----------------------------------------------------------------+
; Parameter Settings for User Entity Instance: LPM_FF:k22_lpm_ff ;
+------------------------+------------+--------------------------+
; Parameter Name         ; Value      ; Type                     ;
+------------------------+------------+--------------------------+
; LPM_WIDTH              ; 4          ; Signed Integer           ;
; LPM_AVALUE             ; UNUSED     ; Untyped                  ;
; LPM_SVALUE             ; UNUSED     ; Untyped                  ;
; LPM_FFTYPE             ; DFF        ; Untyped                  ;
; DEVICE_FAMILY          ; Cyclone II ; Untyped                  ;
; CBXI_PARAMETER         ; NOTHING    ; Untyped                  ;
; AUTO_CARRY_CHAINS      ; ON         ; AUTO_CARRY               ;
; IGNORE_CARRY_BUFFERS   ; OFF        ; IGNORE_CARRY             ;
; AUTO_CASCADE_CHAINS    ; ON         ; AUTO_CASCADE             ;
; IGNORE_CASCADE_BUFFERS ; OFF        ; IGNORE_CASCADE           ;
+------------------------+------------+--------------------------+
Note: In order to hide this table in the UI and the text report file, please set the "Show Parameter Settings in Synthesis Report" option in "Analysis and Synthesis Settings -> More Settings" to "Off".


+----------------------------------------------------------------+
; Parameter Settings for User Entity Instance: LPM_FF:k32_lpm_ff ;
+------------------------+------------+--------------------------+
; Parameter Name         ; Value      ; Type                     ;
+------------------------+------------+--------------------------+
; LPM_WIDTH              ; 4          ; Signed Integer           ;
; LPM_AVALUE             ; UNUSED     ; Untyped                  ;
; LPM_SVALUE             ; UNUSED     ; Untyped                  ;
; LPM_FFTYPE             ; DFF        ; Untyped                  ;
; DEVICE_FAMILY          ; Cyclone II ; Untyped                  ;
; CBXI_PARAMETER         ; NOTHING    ; Untyped                  ;
; AUTO_CARRY_CHAINS      ; ON         ; AUTO_CARRY               ;
; IGNORE_CARRY_BUFFERS   ; OFF        ; IGNORE_CARRY             ;
; AUTO_CASCADE_CHAINS    ; ON         ; AUTO_CASCADE             ;
; IGNORE_CASCADE_BUFFERS ; OFF        ; IGNORE_CASCADE           ;
+------------------------+------------+--------------------------+
Note: In order to hide this table in the UI and the text report file, please set the "Show Parameter Settings in Synthesis Report" option in "Analysis and Synthesis Settings -> More Settings" to "Off".


+----------------------------------------------------------------+
; Parameter Settings for User Entity Instance: LPM_FF:k11_lpm_ff ;
+------------------------+------------+--------------------------+
; Parameter Name         ; Value      ; Type                     ;
+------------------------+------------+--------------------------+
; LPM_WIDTH              ; 4          ; Signed Integer           ;
; LPM_AVALUE             ; UNUSED     ; Untyped                  ;
; LPM_SVALUE             ; UNUSED     ; Untyped                  ;
; LPM_FFTYPE             ; DFF        ; Untyped                  ;
; DEVICE_FAMILY          ; Cyclone II ; Untyped                  ;
; CBXI_PARAMETER         ; NOTHING    ; Untyped                  ;
; AUTO_CARRY_CHAINS      ; ON         ; AUTO_CARRY               ;
; IGNORE_CARRY_BUFFERS   ; OFF        ; IGNORE_CARRY             ;
; AUTO_CASCADE_CHAINS    ; ON         ; AUTO_CASCADE             ;
; IGNORE_CASCADE_BUFFERS ; OFF        ; IGNORE_CASCADE           ;
+------------------------+------------+--------------------------+
Note: In order to hide this table in the UI and the text report file, please set the "Show Parameter Settings in Synthesis Report" option in "Analysis and Synthesis Settings -> More Settings" to "Off".


+----------------------------------------------------------------+
; Parameter Settings for User Entity Instance: LPM_FF:k21_lpm_ff ;
+------------------------+------------+--------------------------+
; Parameter Name         ; Value      ; Type                     ;
+------------------------+------------+--------------------------+
; LPM_WIDTH              ; 4          ; Signed Integer           ;
; LPM_AVALUE             ; UNUSED     ; Untyped                  ;
; LPM_SVALUE             ; UNUSED     ; Untyped                  ;
; LPM_FFTYPE             ; DFF        ; Untyped                  ;
; DEVICE_FAMILY          ; Cyclone II ; Untyped                  ;
; CBXI_PARAMETER         ; NOTHING    ; Untyped                  ;
; AUTO_CARRY_CHAINS      ; ON         ; AUTO_CARRY               ;
; IGNORE_CARRY_BUFFERS   ; OFF        ; IGNORE_CARRY             ;
; AUTO_CASCADE_CHAINS    ; ON         ; AUTO_CASCADE             ;
; IGNORE_CASCADE_BUFFERS ; OFF        ; IGNORE_CASCADE           ;
+------------------------+------------+--------------------------+
Note: In order to hide this table in the UI and the text report file, please set the "Show Parameter Settings in Synthesis Report" option in "Analysis and Synthesis Settings -> More Settings" to "Off".


+----------------------------------------------------------------+
; Parameter Settings for User Entity Instance: LPM_FF:k31_lpm_ff ;
+------------------------+------------+--------------------------+
; Parameter Name         ; Value      ; Type                     ;
+------------------------+------------+--------------------------+
; LPM_WIDTH              ; 4          ; Signed Integer           ;
; LPM_AVALUE             ; UNUSED     ; Untyped                  ;
; LPM_SVALUE             ; UNUSED     ; Untyped                  ;
; LPM_FFTYPE             ; DFF        ; Untyped                  ;
; DEVICE_FAMILY          ; Cyclone II ; Untyped                  ;
; CBXI_PARAMETER         ; NOTHING    ; Untyped                  ;
; AUTO_CARRY_CHAINS      ; ON         ; AUTO_CARRY               ;
; IGNORE_CARRY_BUFFERS   ; OFF        ; IGNORE_CARRY             ;
; AUTO_CASCADE_CHAINS    ; ON         ; AUTO_CASCADE             ;
; IGNORE_CASCADE_BUFFERS ; OFF        ; IGNORE_CASCADE           ;
+------------------------+------------+--------------------------+
Note: In order to hide this table in the UI and the text report file, please set the "Show Parameter Settings in Synthesis Report" option in "Analysis and Synthesis Settings -> More Settings" to "Off".


+-------------------------------+
; Elapsed Time Per Partition    ;
+----------------+--------------+
; Partition Name ; Elapsed Time ;
+----------------+--------------+
; Top            ; 00:00:00     ;
+----------------+--------------+


+-------------------------------+
; Analysis & Synthesis Messages ;
+-------------------------------+
Info: *******************************************************************
Info: Running Quartus II 64-Bit Analysis & Synthesis
    Info: Version 13.0.1 Build 232 06/12/2013 Service Pack 1 SJ Full Version
    Info: Processing started: Tue Jan 12 12:29:07 2016
Info: Command: quartus_map --read_settings_files=on --write_settings_files=off HillCipher -c HillCipher
Info (11104): Parallel Compilation has detected 8 hyper-threaded processors. However, the extra hyper-threaded processors will not be used by default. Parallel Compilation will use 4 of the 4 physical processors detected instead.
Info (12021): Found 2 design units, including 1 entities, in source file matrix_mult.vhd
    Info (12022): Found design unit 1: matrix_mult-implementation
    Info (12023): Found entity 1: matrix_mult
Info (12021): Found 2 design units, including 1 entities, in source file hillcipher.vhd
    Info (12022): Found design unit 1: HillCipher-implementation
    Info (12023): Found entity 1: HillCipher
Info (12021): Found 2 design units, including 1 entities, in source file vector_mult.vhd
    Info (12022): Found design unit 1: vector_mult-structural
    Info (12023): Found entity 1: vector_mult
Info (12021): Found 2 design units, including 1 entities, in source file matrix_mult_struct.vhd
    Info (12022): Found design unit 1: matrix_mult_struct-structural
    Info (12023): Found entity 1: matrix_mult_struct
Info (12021): Found 2 design units, including 1 entities, in source file key_loader.vhd
    Info (12022): Found design unit 1: key_loader-implementation
    Info (12023): Found entity 1: key_loader
Info (12021): Found 2 design units, including 1 entities, in source file key_loader_struct.vhd
    Info (12022): Found design unit 1: key_loader_struct-implementation
    Info (12023): Found entity 1: key_loader_struct
Info (12021): Found 2 design units, including 1 entities, in source file key_inverter.vhd
    Info (12022): Found design unit 1: key_inverter-implementation
    Info (12023): Found entity 1: key_inverter
Info (12127): Elaborating entity "key_loader_struct" for the top level hierarchy
Info (12128): Elaborating entity "LPM_FF" for hierarchy "LPM_FF:k13_lpm_ff"
Info (12130): Elaborated megafunction instantiation "LPM_FF:k13_lpm_ff"
Info (12133): Instantiated megafunction "LPM_FF:k13_lpm_ff" with the following parameter:
    Info (12134): Parameter "LPM_WIDTH" = "4"
    Info (12134): Parameter "LPM_AVALUE" = "UNUSED"
    Info (12134): Parameter "LPM_SVALUE" = "UNUSED"
    Info (12134): Parameter "LPM_PVALUE" = "UNUSED"
    Info (12134): Parameter "LPM_FFTYPE" = "DFF"
    Info (12134): Parameter "LPM_TYPE" = "LPM_FF"
    Info (12134): Parameter "LPM_HINT" = "UNUSED"
Info (16010): Generating hard_block partition "hard_block:auto_generated_inst"
    Info (16011): Adding 0 node(s), including 0 DDIO, 0 PLL, 0 transceiver and 0 LCELL
Info (21057): Implemented 86 device resources after synthesis - the final resource count might be different
    Info (21058): Implemented 14 input pins
    Info (21059): Implemented 36 output pins
    Info (21061): Implemented 36 logic cells
Info: Quartus II 64-Bit Analysis & Synthesis was successful. 0 errors, 0 warnings
    Info: Peak virtual memory: 501 megabytes
    Info: Processing ended: Tue Jan 12 12:29:10 2016
    Info: Elapsed time: 00:00:03
    Info: Total CPU time (on all processors): 00:00:01


